{"C:\\Users\\Henry\\Documents\\GitHub\\NHS-Patient-Dashboard\\server\\middleware\\validInfo.js": {"path":"C:\\Users\\Henry\\Documents\\GitHub\\NHS-Patient-Dashboard\\server\\middleware\\validInfo.js","statementMap":{"0":{"start":{"line":1,"column":0},"end":{"line":57,"column":2}},"1":{"start":{"line":4,"column":4},"end":{"line":4,"column":75}},"2":{"start":{"line":7,"column":2},"end":{"line":51,"column":3}},"3":{"start":{"line":8,"column":87},"end":{"line":8,"column":102}},"4":{"start":{"line":9,"column":83},"end":{"line":9,"column":96}},"5":{"start":{"line":11,"column":4},"end":{"line":14,"column":39}},"6":{"start":{"line":12,"column":6},"end":{"line":12,"column":45}},"7":{"start":{"line":13,"column":9},"end":{"line":14,"column":39}},"8":{"start":{"line":14,"column":6},"end":{"line":14,"column":39}},"9":{"start":{"line":16,"column":4},"end":{"line":29,"column":5}},"10":{"start":{"line":17,"column":6},"end":{"line":28,"column":57}},"11":{"start":{"line":18,"column":8},"end":{"line":18,"column":54}},"12":{"start":{"line":19,"column":11},"end":{"line":28,"column":57}},"13":{"start":{"line":20,"column":8},"end":{"line":20,"column":52}},"14":{"start":{"line":21,"column":11},"end":{"line":28,"column":57}},"15":{"start":{"line":22,"column":8},"end":{"line":22,"column":52}},"16":{"start":{"line":23,"column":11},"end":{"line":28,"column":57}},"17":{"start":{"line":24,"column":8},"end":{"line":24,"column":47}},"18":{"start":{"line":25,"column":11},"end":{"line":28,"column":57}},"19":{"start":{"line":26,"column":8},"end":{"line":26,"column":58}},"20":{"start":{"line":27,"column":11},"end":{"line":28,"column":57}},"21":{"start":{"line":28,"column":8},"end":{"line":28,"column":57}},"22":{"start":{"line":30,"column":9},"end":{"line":51,"column":3}},"23":{"start":{"line":31,"column":32},"end":{"line":31,"column":40}},"24":{"start":{"line":33,"column":4},"end":{"line":36,"column":39}},"25":{"start":{"line":34,"column":6},"end":{"line":34,"column":45}},"26":{"start":{"line":35,"column":9},"end":{"line":36,"column":39}},"27":{"start":{"line":36,"column":6},"end":{"line":36,"column":39}},"28":{"start":{"line":37,"column":9},"end":{"line":51,"column":3}},"29":{"start":{"line":38,"column":4},"end":{"line":43,"column":55}},"30":{"start":{"line":39,"column":6},"end":{"line":39,"column":45}},"31":{"start":{"line":40,"column":9},"end":{"line":43,"column":55}},"32":{"start":{"line":41,"column":6},"end":{"line":41,"column":55}},"33":{"start":{"line":42,"column":9},"end":{"line":43,"column":55}},"34":{"start":{"line":43,"column":6},"end":{"line":43,"column":55}},"35":{"start":{"line":44,"column":9},"end":{"line":51,"column":3}},"36":{"start":{"line":45,"column":4},"end":{"line":50,"column":50}},"37":{"start":{"line":46,"column":6},"end":{"line":46,"column":53}},"38":{"start":{"line":47,"column":9},"end":{"line":50,"column":50}},"39":{"start":{"line":48,"column":6},"end":{"line":48,"column":50}},"40":{"start":{"line":49,"column":9},"end":{"line":50,"column":50}},"41":{"start":{"line":50,"column":6},"end":{"line":50,"column":50}},"42":{"start":{"line":53,"column":2},"end":{"line":53,"column":9}}},"fnMap":{"0":{"name":"(anonymous_0)","decl":{"start":{"line":1,"column":17},"end":{"line":1,"column":18}},"loc":{"start":{"line":1,"column":42},"end":{"line":57,"column":1}},"line":1},"1":{"name":"validEmail","decl":{"start":{"line":3,"column":11},"end":{"line":3,"column":21}},"loc":{"start":{"line":3,"column":33},"end":{"line":5,"column":3}},"line":3}},"branchMap":{"0":{"loc":{"start":{"line":7,"column":2},"end":{"line":51,"column":3}},"type":"if","locations":[{"start":{"line":7,"column":2},"end":{"line":51,"column":3}},{"start":{"line":7,"column":2},"end":{"line":51,"column":3}}],"line":7},"1":{"loc":{"start":{"line":11,"column":4},"end":{"line":14,"column":39}},"type":"if","locations":[{"start":{"line":11,"column":4},"end":{"line":14,"column":39}},{"start":{"line":11,"column":4},"end":{"line":14,"column":39}}],"line":11},"2":{"loc":{"start":{"line":13,"column":9},"end":{"line":14,"column":39}},"type":"if","locations":[{"start":{"line":13,"column":9},"end":{"line":14,"column":39}},{"start":{"line":13,"column":9},"end":{"line":14,"column":39}}],"line":13},"3":{"loc":{"start":{"line":16,"column":4},"end":{"line":29,"column":5}},"type":"if","locations":[{"start":{"line":16,"column":4},"end":{"line":29,"column":5}},{"start":{"line":16,"column":4},"end":{"line":29,"column":5}}],"line":16},"4":{"loc":{"start":{"line":17,"column":6},"end":{"line":28,"column":57}},"type":"if","locations":[{"start":{"line":17,"column":6},"end":{"line":28,"column":57}},{"start":{"line":17,"column":6},"end":{"line":28,"column":57}}],"line":17},"5":{"loc":{"start":{"line":19,"column":11},"end":{"line":28,"column":57}},"type":"if","locations":[{"start":{"line":19,"column":11},"end":{"line":28,"column":57}},{"start":{"line":19,"column":11},"end":{"line":28,"column":57}}],"line":19},"6":{"loc":{"start":{"line":21,"column":11},"end":{"line":28,"column":57}},"type":"if","locations":[{"start":{"line":21,"column":11},"end":{"line":28,"column":57}},{"start":{"line":21,"column":11},"end":{"line":28,"column":57}}],"line":21},"7":{"loc":{"start":{"line":23,"column":11},"end":{"line":28,"column":57}},"type":"if","locations":[{"start":{"line":23,"column":11},"end":{"line":28,"column":57}},{"start":{"line":23,"column":11},"end":{"line":28,"column":57}}],"line":23},"8":{"loc":{"start":{"line":25,"column":11},"end":{"line":28,"column":57}},"type":"if","locations":[{"start":{"line":25,"column":11},"end":{"line":28,"column":57}},{"start":{"line":25,"column":11},"end":{"line":28,"column":57}}],"line":25},"9":{"loc":{"start":{"line":25,"column":15},"end":{"line":25,"column":69}},"type":"binary-expr","locations":[{"start":{"line":25,"column":15},"end":{"line":25,"column":40}},{"start":{"line":25,"column":44},"end":{"line":25,"column":69}}],"line":25},"10":{"loc":{"start":{"line":27,"column":11},"end":{"line":28,"column":57}},"type":"if","locations":[{"start":{"line":27,"column":11},"end":{"line":28,"column":57}},{"start":{"line":27,"column":11},"end":{"line":28,"column":57}}],"line":27},"11":{"loc":{"start":{"line":27,"column":15},"end":{"line":27,"column":87}},"type":"binary-expr","locations":[{"start":{"line":27,"column":15},"end":{"line":27,"column":49}},{"start":{"line":27,"column":53},"end":{"line":27,"column":87}}],"line":27},"12":{"loc":{"start":{"line":30,"column":9},"end":{"line":51,"column":3}},"type":"if","locations":[{"start":{"line":30,"column":9},"end":{"line":51,"column":3}},{"start":{"line":30,"column":9},"end":{"line":51,"column":3}}],"line":30},"13":{"loc":{"start":{"line":33,"column":4},"end":{"line":36,"column":39}},"type":"if","locations":[{"start":{"line":33,"column":4},"end":{"line":36,"column":39}},{"start":{"line":33,"column":4},"end":{"line":36,"column":39}}],"line":33},"14":{"loc":{"start":{"line":35,"column":9},"end":{"line":36,"column":39}},"type":"if","locations":[{"start":{"line":35,"column":9},"end":{"line":36,"column":39}},{"start":{"line":35,"column":9},"end":{"line":36,"column":39}}],"line":35},"15":{"loc":{"start":{"line":37,"column":9},"end":{"line":51,"column":3}},"type":"if","locations":[{"start":{"line":37,"column":9},"end":{"line":51,"column":3}},{"start":{"line":37,"column":9},"end":{"line":51,"column":3}}],"line":37},"16":{"loc":{"start":{"line":38,"column":4},"end":{"line":43,"column":55}},"type":"if","locations":[{"start":{"line":38,"column":4},"end":{"line":43,"column":55}},{"start":{"line":38,"column":4},"end":{"line":43,"column":55}}],"line":38},"17":{"loc":{"start":{"line":40,"column":9},"end":{"line":43,"column":55}},"type":"if","locations":[{"start":{"line":40,"column":9},"end":{"line":43,"column":55}},{"start":{"line":40,"column":9},"end":{"line":43,"column":55}}],"line":40},"18":{"loc":{"start":{"line":40,"column":13},"end":{"line":40,"column":85}},"type":"binary-expr","locations":[{"start":{"line":40,"column":13},"end":{"line":40,"column":47}},{"start":{"line":40,"column":51},"end":{"line":40,"column":85}}],"line":40},"19":{"loc":{"start":{"line":42,"column":9},"end":{"line":43,"column":55}},"type":"if","locations":[{"start":{"line":42,"column":9},"end":{"line":43,"column":55}},{"start":{"line":42,"column":9},"end":{"line":43,"column":55}}],"line":42},"20":{"loc":{"start":{"line":42,"column":13},"end":{"line":42,"column":103}},"type":"binary-expr","locations":[{"start":{"line":42,"column":13},"end":{"line":42,"column":56}},{"start":{"line":42,"column":60},"end":{"line":42,"column":103}}],"line":42},"21":{"loc":{"start":{"line":44,"column":9},"end":{"line":51,"column":3}},"type":"if","locations":[{"start":{"line":44,"column":9},"end":{"line":51,"column":3}},{"start":{"line":44,"column":9},"end":{"line":51,"column":3}}],"line":44},"22":{"loc":{"start":{"line":45,"column":4},"end":{"line":50,"column":50}},"type":"if","locations":[{"start":{"line":45,"column":4},"end":{"line":50,"column":50}},{"start":{"line":45,"column":4},"end":{"line":50,"column":50}}],"line":45},"23":{"loc":{"start":{"line":47,"column":9},"end":{"line":50,"column":50}},"type":"if","locations":[{"start":{"line":47,"column":9},"end":{"line":50,"column":50}},{"start":{"line":47,"column":9},"end":{"line":50,"column":50}}],"line":47},"24":{"loc":{"start":{"line":49,"column":9},"end":{"line":50,"column":50}},"type":"if","locations":[{"start":{"line":49,"column":9},"end":{"line":50,"column":50}},{"start":{"line":49,"column":9},"end":{"line":50,"column":50}}],"line":49}},"s":{"0":1,"1":25,"2":47,"3":30,"4":30,"5":30,"6":7,"7":23,"8":1,"9":22,"10":21,"11":7,"12":14,"13":1,"14":13,"15":1,"16":12,"17":7,"18":5,"19":2,"20":3,"21":2,"22":17,"23":4,"24":4,"25":2,"26":2,"27":1,"28":13,"29":9,"30":4,"31":5,"32":2,"33":3,"34":2,"35":4,"36":4,"37":1,"38":3,"39":1,"40":2,"41":1,"42":5},"f":{"0":47,"1":25},"b":{"0":[30,17],"1":[7,23],"2":[1,22],"3":[21,1],"4":[7,14],"5":[1,13],"6":[1,12],"7":[7,5],"8":[2,3],"9":[5,4],"10":[2,1],"11":[3,2],"12":[4,13],"13":[2,2],"14":[1,1],"15":[9,4],"16":[4,5],"17":[2,3],"18":[5,4],"19":[2,1],"20":[3,3],"21":[4,0],"22":[1,3],"23":[1,2],"24":[1,1]},"_coverageSchema":"1a1c01bbd47fc00a2c39e90264f33305004495a9","hash":"269fd13befad13edbc03bb8474d9151d8b38c942"}
}
