TN:
SF:middleware\authorize.js
FN:6,(anonymous_0)
FNF:1
FNH:1
FNDA:7,(anonymous_0)
DA:1,1
DA:2,1
DA:6,1
DA:8,7
DA:11,7
DA:12,1
DA:16,6
DA:18,6
DA:20,3
DA:21,3
DA:23,3
LF:11
LH:11
BRDA:11,0,0,1
BRDA:11,0,1,6
BRF:2
BRH:2
end_of_record
TN:
SF:middleware\validInfo.js
FN:1,(anonymous_0)
FN:3,validEmail
FNF:2
FNH:2
FNDA:47,(anonymous_0)
FNDA:25,validEmail
DA:1,1
DA:4,25
DA:7,47
DA:8,30
DA:9,30
DA:11,30
DA:12,7
DA:13,23
DA:14,1
DA:16,22
DA:17,21
DA:18,7
DA:19,14
DA:20,1
DA:21,13
DA:22,1
DA:23,12
DA:24,7
DA:25,5
DA:26,2
DA:27,3
DA:28,2
DA:30,17
DA:31,4
DA:33,4
DA:34,2
DA:35,2
DA:36,1
DA:37,13
DA:38,9
DA:39,4
DA:40,5
DA:41,2
DA:42,3
DA:43,2
DA:44,4
DA:45,4
DA:46,1
DA:47,3
DA:48,1
DA:49,2
DA:50,1
DA:53,5
LF:43
LH:43
BRDA:7,0,0,30
BRDA:7,0,1,17
BRDA:11,1,0,7
BRDA:11,1,1,23
BRDA:13,2,0,1
BRDA:13,2,1,22
BRDA:16,3,0,21
BRDA:16,3,1,1
BRDA:17,4,0,7
BRDA:17,4,1,14
BRDA:19,5,0,1
BRDA:19,5,1,13
BRDA:21,6,0,1
BRDA:21,6,1,12
BRDA:23,7,0,7
BRDA:23,7,1,5
BRDA:25,8,0,2
BRDA:25,8,1,3
BRDA:25,9,0,5
BRDA:25,9,1,4
BRDA:27,10,0,2
BRDA:27,10,1,1
BRDA:27,11,0,3
BRDA:27,11,1,2
BRDA:30,12,0,4
BRDA:30,12,1,13
BRDA:33,13,0,2
BRDA:33,13,1,2
BRDA:35,14,0,1
BRDA:35,14,1,1
BRDA:37,15,0,9
BRDA:37,15,1,4
BRDA:38,16,0,4
BRDA:38,16,1,5
BRDA:40,17,0,2
BRDA:40,17,1,3
BRDA:40,18,0,5
BRDA:40,18,1,4
BRDA:42,19,0,2
BRDA:42,19,1,1
BRDA:42,20,0,3
BRDA:42,20,1,3
BRDA:44,21,0,4
BRDA:44,21,1,0
BRDA:45,22,0,1
BRDA:45,22,1,3
BRDA:47,23,0,1
BRDA:47,23,1,2
BRDA:49,24,0,1
BRDA:49,24,1,1
BRF:50
BRH:49
end_of_record
TN:
SF:utils\jwtGenerator.js
FN:4,jwtGenerator
FNF:1
FNH:1
FNDA:6,jwtGenerator
DA:1,1
DA:2,1
DA:5,6
DA:11,6
DA:14,1
LF:5
LH:5
BRF:0
BRH:0
end_of_record
